<?xml version="1.0" encoding="UTF-8"?>
<!-- Generated by org.testng.reporters.JUnitXMLReporter -->
<testsuite hostname="DESKTOP-HAC2EQ0" ignored="0" name="Command line test" tests="3" failures="0" timestamp="2022-10-05T19:04:00 BDT" time="76.348" errors="0">
  <testcase name="test_logo_image" time="3.099" classname="Test_Script.Test_ChaldalHomePage"/>
  <testcase name="test_popular_product_count_shows_products_name" time="20.715" classname="Test_Script.Test_ChaldalHomePage"/>
  <testcase name="test_exchange_language" time="8.601" classname="Test_Script.Test_ChaldalHomePage"/>
</testsuite> <!-- Command line test -->
