<?xml version="1.0" encoding="UTF-8"?>
<!-- Generated by org.testng.reporters.JUnitXMLReporter -->
<testsuite hostname="DESKTOP-HAC2EQ0" ignored="0" name="Command line test" tests="5" failures="0" timestamp="2022-11-03T19:11:41 BDT" time="298.556" errors="0">
  <testcase name="test_logo_image" time="10.013" classname="Test_Script.Test_ChaldalHomePage"/>
  <testcase name="test_popular_product_count_shows_products_name" time="27.244" classname="Test_Script.Test_ChaldalHomePage"/>
  <testcase name="test_exchange_language" time="14.679" classname="Test_Script.Test_ChaldalHomePage"/>
  <testcase name="test_Menu_all_Links" time="9.832" classname="Test_Script.Test_HomePage_UK"/>
  <testcase name="test_product" time="157.748" classname="Test_Script.Test_Product_UK"/>
</testsuite> <!-- Command line test -->
